<?xml version="1.0" encoding="UTF-8"?>
<!-- Generated by org.testng.reporters.JUnitReportReporter -->
<testsuite hostname="ASDW0142" name="mavenproject.test.test" tests="3" failures="0" timestamp="27 Jun 2018 09:46:06 GMT" time="12.703" errors="0">
  <testcase name="step04_SignIn" time="3.661" classname="mavenproject.test.test"/>
  <testcase name="step01_launchURL" time="3.228" classname="mavenproject.test.test"/>
  <testcase name="step05_Timesheet" time="5.814" classname="mavenproject.test.test"/>
</testsuite> <!-- mavenproject.test.test -->
